# JRE version: Java(TM) SE Runtime Environment (8.0_191-b12) (build 1.8.0_191-b12)
# Java VM: Java HotSpot(TM) 64-Bit Server VM (25.191-b12 mixed mode windows-amd64 compressed oops)
Heap:
 PSYoungGen      total 40960K, used 28402K [0x00000000e0000000, 0x00000000e3d80000, 0x0000000100000000)
  eden space 28672K, 58% used [0x00000000e0000000,0x00000000e103e590,0x00000000e1c00000)
  from space 12288K, 95% used [0x00000000e1c00000,0x00000000e277e330,0x00000000e2800000)
  to   space 14336K, 0% used [0x00000000e2f80000,0x00000000e2f80000,0x00000000e3d80000)
 ParOldGen       total 75776K, used 57907K [0x00000000a0000000, 0x00000000a4a00000, 0x00000000e0000000)
  object space 75776K, 76% used [0x00000000a0000000,0x00000000a388ccb8,0x00000000a4a00000)
 Metaspace       used 72038K, capacity 74402K, committed 74496K, reserved 1114112K
  class space    used 9709K, capacity 10227K, committed 10240K, reserved 1048576K
GC Heap History (10 events):
Event: 319.863 GC heap before
{Heap before GC invocations=47 (full 4):
 PSYoungGen      total 32256K, used 23048K [0x00000000e0000000, 0x00000000e2a00000, 0x0000000100000000)
  eden space 21504K, 100% used [0x00000000e0000000,0x00000000e1500000,0x00000000e1500000)
  from space 10752K, 14% used [0x00000000e1f80000,0x00000000e2102020,0x00000000e2a00000)
  to   space 10752K, 0% used [0x00000000e1500000,0x00000000e1500000,0x00000000e1f80000)
 ParOldGen       total 75776K, used 45271K [0x00000000a0000000, 0x00000000a4a00000, 0x00000000e0000000)
  object space 75776K, 59% used [0x00000000a0000000,0x00000000a2c35f98,0x00000000a4a00000)
 Metaspace       used 67835K, capacity 69914K, committed 70016K, reserved 1110016K
  class space    used 9055K, capacity 9541K, committed 9600K, reserved 1048576K
Event: 319.867 GC heap after
Heap after GC invocations=47 (full 4):
 PSYoungGen      total 32256K, used 2064K [0x00000000e0000000, 0x00000000e2d80000, 0x0000000100000000)
  eden space 21504K, 0% used [0x00000000e0000000,0x00000000e0000000,0x00000000e1500000)
  from space 10752K, 19% used [0x00000000e1500000,0x00000000e1704050,0x00000000e1f80000)
  to   space 10240K, 0% used [0x00000000e2380000,0x00000000e2380000,0x00000000e2d80000)
 ParOldGen       total 75776K, used 46071K [0x00000000a0000000, 0x00000000a4a00000, 0x00000000e0000000)
  object space 75776K, 60% used [0x00000000a0000000,0x00000000a2cfdf20,0x00000000a4a00000)
 Metaspace       used 67835K, capacity 69914K, committed 70016K, reserved 1110016K
  class space    used 9055K, capacity 9541K, committed 9600K, reserved 1048576K
}
Event: 324.895 GC heap before
{Heap before GC invocations=48 (full 4):
 PSYoungGen      total 32256K, used 23568K [0x00000000e0000000, 0x00000000e2d80000, 0x0000000100000000)
  eden space 21504K, 100% used [0x00000000e0000000,0x00000000e1500000,0x00000000e1500000)
  from space 10752K, 19% used [0x00000000e1500000,0x00000000e1704050,0x00000000e1f80000)
  to   space 10240K, 0% used [0x00000000e2380000,0x00000000e2380000,0x00000000e2d80000)
 ParOldGen       total 75776K, used 46071K [0x00000000a0000000, 0x00000000a4a00000, 0x00000000e0000000)
  object space 75776K, 60% used [0x00000000a0000000,0x00000000a2cfdf20,0x00000000a4a00000)
 Metaspace       used 68692K, capacity 70776K, committed 70912K, reserved 1110016K
  class space    used 9163K, capacity 9650K, committed 9728K, reserved 1048576K
Event: 324.907 GC heap after
Heap after GC invocations=48 (full 4):
 PSYoungGen      total 36352K, used 1525K [0x00000000e0000000, 0x00000000e2d80000, 0x0000000100000000)
  eden space 26112K, 0% used [0x00000000e0000000,0x00000000e0000000,0x00000000e1980000)
  from space 10240K, 14% used [0x00000000e2380000,0x00000000e24fd458,0x00000000e2d80000)
  to   space 10240K, 0% used [0x00000000e1980000,0x00000000e1980000,0x00000000e2380000)
 ParOldGen       total 75776K, used 47351K [0x00000000a0000000, 0x00000000a4a00000, 0x00000000e0000000)
  object space 75776K, 62% used [0x00000000a0000000,0x00000000a2e3dc68,0x00000000a4a00000)
 Metaspace       used 68692K, capacity 70776K, committed 70912K, reserved 1110016K
  class space    used 9163K, capacity 9650K, committed 9728K, reserved 1048576K
}
Event: 332.521 GC heap before
{Heap before GC invocations=49 (full 4):
 PSYoungGen      total 36352K, used 27637K [0x00000000e0000000, 0x00000000e2d80000, 0x0000000100000000)
  eden space 26112K, 100% used [0x00000000e0000000,0x00000000e1980000,0x00000000e1980000)
  from space 10240K, 14% used [0x00000000e2380000,0x00000000e24fd458,0x00000000e2d80000)
  to   space 10240K, 0% used [0x00000000e1980000,0x00000000e1980000,0x00000000e2380000)
 ParOldGen       total 75776K, used 47351K [0x00000000a0000000, 0x00000000a4a00000, 0x00000000e0000000)
  object space 75776K, 62% used [0x00000000a0000000,0x00000000a2e3dc68,0x00000000a4a00000)
 Metaspace       used 68984K, capacity 71158K, committed 71424K, reserved 1112064K
  class space    used 9193K, capacity 9687K, committed 9728K, reserved 1048576K
Event: 332.525 GC heap after
Heap after GC invocations=49 (full 4):
 PSYoungGen      total 36352K, used 1760K [0x00000000e0000000, 0x00000000e3180000, 0x0000000100000000)
  eden space 26112K, 0% used [0x00000000e0000000,0x00000000e0000000,0x00000000e1980000)
  from space 10240K, 17% used [0x00000000e1980000,0x00000000e1b38030,0x00000000e2380000)
  to   space 9728K, 0% used [0x00000000e2800000,0x00000000e2800000,0x00000000e3180000)
 ParOldGen       total 75776K, used 47891K [0x00000000a0000000, 0x00000000a4a00000, 0x00000000e0000000)
  object space 75776K, 63% used [0x00000000a0000000,0x00000000a2ec4c88,0x00000000a4a00000)
 Metaspace       used 68984K, capacity 71158K, committed 71424K, reserved 1112064K
  class space    used 9193K, capacity 9687K, committed 9728K, reserved 1048576K
}
Event: 341.298 GC heap before
{Heap before GC invocations=50 (full 4):
 PSYoungGen      total 36352K, used 27872K [0x00000000e0000000, 0x00000000e3180000, 0x0000000100000000)
  eden space 26112K, 100% used [0x00000000e0000000,0x00000000e1980000,0x00000000e1980000)
  from space 10240K, 17% used [0x00000000e1980000,0x00000000e1b38030,0x00000000e2380000)
  to   space 9728K, 0% used [0x00000000e2800000,0x00000000e2800000,0x00000000e3180000)
 ParOldGen       total 75776K, used 47891K [0x00000000a0000000, 0x00000000a4a00000, 0x00000000e0000000)
  object space 75776K, 63% used [0x00000000a0000000,0x00000000a2ec4c88,0x00000000a4a00000)
 Metaspace       used 70494K, capacity 72738K, committed 72960K, reserved 1112064K
  class space    used 9418K, capacity 9933K, committed 9984K, reserved 1048576K
Event: 341.305 GC heap after
Heap after GC invocations=50 (full 4):
 PSYoungGen      total 38400K, used 9715K [0x00000000e0000000, 0x00000000e3680000, 0x0000000100000000)
  eden space 28672K, 0% used [0x00000000e0000000,0x00000000e0000000,0x00000000e1c00000)
  from space 9728K, 99% used [0x00000000e2800000,0x00000000e317cc18,0x00000000e3180000)
  to   space 12288K, 0% used [0x00000000e1c00000,0x00000000e1c00000,0x00000000e2800000)
 ParOldGen       total 75776K, used 49596K [0x00000000a0000000, 0x00000000a4a00000, 0x00000000e0000000)
  object space 75776K, 65% used [0x00000000a0000000,0x00000000a306f148,0x00000000a4a00000)
 Metaspace       used 70494K, capacity 72738K, committed 72960K, reserved 1112064K
  class space    used 9418K, capacity 9933K, committed 9984K, reserved 1048576K
}
Event: 345.731 GC heap before
{Heap before GC invocations=51 (full 4):
 PSYoungGen      total 38400K, used 38387K [0x00000000e0000000, 0x00000000e3680000, 0x0000000100000000)
  eden space 28672K, 100% used [0x00000000e0000000,0x00000000e1c00000,0x00000000e1c00000)
  from space 9728K, 99% used [0x00000000e2800000,0x00000000e317cc18,0x00000000e3180000)
  to   space 12288K, 0% used [0x00000000e1c00000,0x00000000e1c00000,0x00000000e2800000)
 ParOldGen       total 75776K, used 49596K [0x00000000a0000000, 0x00000000a4a00000, 0x00000000e0000000)
  object space 75776K, 65% used [0x00000000a0000000,0x00000000a306f148,0x00000000a4a00000)
 Metaspace       used 71934K, capacity 74256K, committed 74496K, reserved 1114112K
  class space    used 9707K, capacity 10226K, committed 10240K, reserved 1048576K
Event: 345.762 GC heap after
Heap after GC invocations=51 (full 4):
 PSYoungGen      total 40960K, used 11768K [0x00000000e0000000, 0x00000000e3d80000, 0x0000000100000000)
  eden space 28672K, 0% used [0x00000000e0000000,0x00000000e0000000,0x00000000e1c00000)
  from space 12288K, 95% used [0x00000000e1c00000,0x00000000e277e330,0x00000000e2800000)
  to   space 14336K, 0% used [0x00000000e2f80000,0x00000000e2f80000,0x00000000e3d80000)
 ParOldGen       total 75776K, used 57907K [0x00000000a0000000, 0x00000000a4a00000, 0x00000000e0000000)
  object space 75776K, 76% used [0x00000000a0000000,0x00000000a388ccb8,0x00000000a4a00000)
 Metaspace       used 71934K, capacity 74256K, committed 74496K, reserved 1114112K
  class space    used 9707K, capacity 10226K, committed 10240K, reserved 1048576K
}

